<testsuites id="" name="" tests="1" failures="1" skipped="0" errors="0" time="1.008402">
<testsuite name="news-board-pagination.spec.js" timestamp="2025-08-25T08:49:11.651Z" hostname="chromium" tests="1" failures="1" skipped="0" time="0.281" errors="0">
<testcase name="News Board pagination › renders list and paginates if multiple pages" classname="news-board-pagination.spec.js" time="0.281">
<failure message="news-board-pagination.spec.js:28:2 renders list and paginates if multiple pages" type="FAILURE">
<![CDATA[  [chromium] › news-board-pagination.spec.js:28:2 › News Board pagination › renders list and paginates if multiple pages 

    Error: expect(received).toBeTruthy()

    Received: false

      32 | 		const items = await page.locator('#board-list .col').count();
      33 | 		const hasEmpty = await page.locator('#board-list p').first().isVisible().catch(() => false);
    > 34 | 		expect(items > 0 || hasEmpty).toBeTruthy();
         | 		                              ^
      35 |
      36 | 		await expect(page.locator('#board-pagination')).toHaveCount(1);
      37 | 	});
        at /Users/parkchangseon/Desktop/트립페이지 홈페이지/tests/news-board-pagination.spec.js:34:33

    attachment #1: screenshot (image/png) ──────────────────────────────────────────────────────────
    ../test-results/news-board-pagination-News-e7a12-paginates-if-multiple-pages-chromium/test-failed-1.png
    ────────────────────────────────────────────────────────────────────────────────────────────────

    attachment #2: video (video/webm) ──────────────────────────────────────────────────────────────
    ../test-results/news-board-pagination-News-e7a12-paginates-if-multiple-pages-chromium/video.webm
    ────────────────────────────────────────────────────────────────────────────────────────────────

    Error Context: ../test-results/news-board-pagination-News-e7a12-paginates-if-multiple-pages-chromium/error-context.md
]]>
</failure>
<system-out>
<![CDATA[
[[ATTACHMENT|news-board-pagination-News-e7a12-paginates-if-multiple-pages-chromium/test-failed-1.png]]

[[ATTACHMENT|news-board-pagination-News-e7a12-paginates-if-multiple-pages-chromium/video.webm]]

[[ATTACHMENT|news-board-pagination-News-e7a12-paginates-if-multiple-pages-chromium/error-context.md]]
]]>
</system-out>
</testcase>
</testsuite>
</testsuites>